Log file open, 08/08/16 17:42:25
LogInit:Display: Running engine for game: Pinguslide
LogPlatformFile: Not using cached read wrapper
LogInit:Display: RandInit(-1171206339) SRandInit(-1171206338).
LogTaskGraph: Started task graph with 4 named threads and 7 total threads with 1 sets of task threads.
LogStats: Stats thread started at 0.062639
LogInit: Version: 4.12.5-3039270+++UE4+Release-4.12
LogInit: API Version: 2992821
LogInit: Net Version: 3039270
LogDevObjectVersion: Number of dev versions registered: 13
LogDevObjectVersion:   Dev-Blueprints (B0D832E4-1F89-4F0D-ACCF-7EB736FD4AA2): 3
LogDevObjectVersion:   Dev-Build (E1C64328-A22C-4D53-A36C-8E866417BD8C): 0
LogDevObjectVersion:   Dev-Core (375EC13C-06E4-48FB-B500-84F0262A717E): 1
LogDevObjectVersion:   Dev-Editor (E4B068ED-F494-42E9-A231-DA0B2E46BB41): 2
LogDevObjectVersion:   Dev-Framework (CFFC743F-43B0-4480-9391-14DF171D2073): 6
LogDevObjectVersion:   Dev-Mobile (B02B49B5-BB20-44E9-A304-32B752E40360): 0
LogDevObjectVersion:   Dev-Networking (A4E4105C-59A1-49B5-A7C5-40C4547EDFEE): 0
LogDevObjectVersion:   Dev-Online (39C831C9-5AE6-47DC-9A44-9C173E1C8E7C): 0
LogDevObjectVersion:   Dev-Physics (78F01B33-EBEA-4F98-B9B4-84EACCB95AA2): 0
LogDevObjectVersion:   Dev-Platform (6631380F-2D4D-43E0-8009-CF276956A95A): 0
LogDevObjectVersion:   Dev-Rendering (12F88B9F-8875-4AFC-A67C-D90C383ABD29): 2
LogDevObjectVersion:   Dev-Sequencer (7B5AE74C-D270-4C10-A958-57980B212A5A): 0
LogDevObjectVersion:   Dev-VR (D7296918-1DD6-4BDD-9DE2-64A83CC13884): 0
LogInit: Compiled (64-bit): Jul  6 2016 09:09:46
LogInit: Compiled with Visual C++: 19.00.23026.00
LogInit: Build Configuration: Development
LogInit: Branch Name: ++UE4+Release-4.12
LogInit: Command line: -EpicPortal 
LogInit: Base directory: F:/other/Unreal Engine/4.12/Engine/Binaries/Win64/
LogInit: Installed Engine Build: 1
LogInit: Using libcurl 7.41.0
LogInit:  - built for x86_64-pc-win32
LogInit:  - supports SSL with WinSSL
LogInit:  - other features:
LogInit:      CURL_VERSION_SSL
LogInit:      CURL_VERSION_IPV6
LogInit:      CURL_VERSION_ASYNCHDNS
LogInit:      CURL_VERSION_LARGEFILE
LogInit:      CURL_VERSION_IDN
LogInit:  CurlRequestOptions (configurable via config and command line):
LogInit:  - bVerifyPeer = true  - Libcurl will verify peer certificate
LogInit:  - bUseHttpProxy = false  - Libcurl will NOT use HTTP proxy
LogInit:  - bDontReuseConnections = false  - Libcurl will reuse connections
LogInit:  - CertBundlePath = nullptr  - Libcurl will use whatever was configured at build time.
LogInit: Presizing for max 8388607 objects, including 0 objects not considered by GC, pre-allocating 0 bytes for permanent pool.
LogInit: Object subsystem initialized
[2016.08.08-15.42.25:482][  0]LogInit: Selected Device Profile: [Windows]
[2016.08.08-15.42.25:482][  0]LogInit: Applying CVar settings loaded from the selected device profile: [Windows]
[2016.08.08-15.42.25:489][  0]LogInit: Computer: MEDIVHUS-PC
[2016.08.08-15.42.25:489][  0]LogInit: User: Medivhus
[2016.08.08-15.42.25:489][  0]LogInit: CPU Page size=65536, Cores=4
[2016.08.08-15.42.25:489][  0]LogInit: High frequency timer resolution =3.906269 MHz
[2016.08.08-15.42.25:489][  0]LogMemory: Memory total: Physical=15.9GB (16GB approx)
[2016.08.08-15.42.25:489][  0]LogMemory: Platform Memory Stats for Windows
[2016.08.08-15.42.25:489][  0]LogMemory: Process Physical Memory: 190.70 MB used, 190.70 MB peak
[2016.08.08-15.42.25:489][  0]LogMemory: Process Virtual Memory: 196.89 MB used, 196.89 MB peak
[2016.08.08-15.42.25:489][  0]LogMemory: Physical Memory: 7883.91 MB used, 16244.77 MB total
[2016.08.08-15.42.25:489][  0]LogMemory: Virtual Memory: 521.29 MB used, 8388608.00 MB total
[2016.08.08-15.42.25:539][  0]LogTextLocalizationManager: No specific translations for ('en-US') exist, so ('en') translations will be used.
[2016.08.08-15.42.25:856][  0]LogD3D11RHI: D3D11 adapters:
[2016.08.08-15.42.25:876][  0]LogD3D11RHI:    0. 'NVIDIA GeForce GTX 970' (Feature Level 11_0)
[2016.08.08-15.42.25:876][  0]LogD3D11RHI:       4007/0/7866 MB DedicatedVideo/DedicatedSystem/SharedSystem, Outputs:2, VendorId:0x10de
[2016.08.08-15.42.25:883][  0]LogD3D11RHI:    1. 'Intel(R) HD Graphics 4600' (Feature Level 11_0)
[2016.08.08-15.42.25:883][  0]LogD3D11RHI:       64/0/1632 MB DedicatedVideo/DedicatedSystem/SharedSystem, Outputs:0, VendorId:0x8086
[2016.08.08-15.42.25:883][  0]LogD3D11RHI: Chosen D3D11 Adapter: 0
[2016.08.08-15.42.25:889][  0]LogD3D11RHI: Creating new Direct3DDevice
[2016.08.08-15.42.25:889][  0]LogD3D11RHI:     GPU DeviceId: 0x13c2 (for the marketing name, search the web for "GPU Device Id")
[2016.08.08-15.42.25:889][  0]LogWindows: EnumDisplayDevices:
[2016.08.08-15.42.25:889][  0]LogWindows:    0. 'NVIDIA GeForce GTX 970' (P:1 D:1)
[2016.08.08-15.42.25:889][  0]LogWindows:    1. 'NVIDIA GeForce GTX 970' (P:0 D:1)
[2016.08.08-15.42.25:889][  0]LogWindows:    2. 'NVIDIA GeForce GTX 970' (P:0 D:0)
[2016.08.08-15.42.25:890][  0]LogWindows:    3. 'NVIDIA GeForce GTX 970' (P:0 D:0)
[2016.08.08-15.42.25:890][  0]LogWindows:    4. 'Intel(R) HD Graphics 4600' (P:0 D:0)
[2016.08.08-15.42.25:890][  0]LogWindows:    5. 'Intel(R) HD Graphics 4600' (P:0 D:0)
[2016.08.08-15.42.25:890][  0]LogWindows:    6. 'Intel(R) HD Graphics 4600' (P:0 D:0)
[2016.08.08-15.42.25:890][  0]LogWindows:    7. 'RDPDD Chained DD' (P:0 D:0)
[2016.08.08-15.42.25:890][  0]LogWindows:    8. 'RDP Encoder Mirror Driver' (P:0 D:0)
[2016.08.08-15.42.25:890][  0]LogWindows:    9. 'RDP Reflector Display Driver' (P:0 D:0)
[2016.08.08-15.42.25:890][  0]LogWindows: DebugString: PrimaryIsNotTheChoosenAdapter PrimaryIsNotTheChoosenAdapter PrimaryIsNotTheChoosenAdapter GetVideoDriverDetailsInvalid PrimaryIsNotTheChoosenAdapter GetVideoDriverDetailsInvalid PrimaryIsNotTheChoosenAdapter GetVideoDriverDetailsInvalid PrimaryIsNotTheChoosenAdapter FoundDriverCount:4 
[2016.08.08-15.42.25:890][  0]LogD3D11RHI:     Adapter Name: NVIDIA GeForce GTX 970
[2016.08.08-15.42.25:890][  0]LogD3D11RHI:   Driver Version: 368.69 (internal:10.18.13.6869, unified:368.69)
[2016.08.08-15.42.25:890][  0]LogD3D11RHI:      Driver Date: 6-29-2016
[2016.08.08-15.42.25:890][  0]LogRHI: Texture pool is 1361 MB (70% of 1945 MB)
[2016.08.08-15.42.25:897][  0]LogD3D11RHI: Async texture creation enabled
[2016.08.08-15.42.25:910][  0]LogD3D11RHI: GPU Timing Frequency: 1000.000000 (Debug: 2 2)
[2016.08.08-15.42.25:910][  0]LogShaderCompilers: Guid format shader working directory is 25 characters bigger than the processId version (D:/pinguslide/Pinguslide/Intermediate/Shaders/WorkingDirectory/8740/).
[2016.08.08-15.42.25:910][  0]LogShaderCompilers: Cleaned the shader compiler working directory 'C:/Users/Medivhus/AppData/Local/Temp/UnrealShaderWorkingDir/3983E57B485D17E2231C4F9F2B63B202/'.
[2016.08.08-15.42.25:910][  0]LogShaderCompilers:Display: Using Local Shader Compiler.
[2016.08.08-15.42.27:009][  0]LogTemp:Display: Loaded TP AllDesktopTargetPlatform
[2016.08.08-15.42.27:016][  0]LogTemp:Display: Loaded TP WindowsClientTargetPlatform
[2016.08.08-15.42.27:024][  0]LogTemp:Display: Loaded TP WindowsNoEditorTargetPlatform
[2016.08.08-15.42.27:031][  0]LogTemp:Display: Loaded TP WindowsServerTargetPlatform
[2016.08.08-15.42.27:038][  0]LogTemp:Display: Loaded TP WindowsTargetPlatform
[2016.08.08-15.42.27:045][  0]LogTemp:Display: Loaded TP AndroidTargetPlatform
[2016.08.08-15.42.27:052][  0]LogTemp:Display: Loaded TP Android_ASTCTargetPlatform
[2016.08.08-15.42.27:058][  0]LogTemp:Display: Loaded TP Android_ATCTargetPlatform
[2016.08.08-15.42.27:064][  0]LogTemp:Display: Loaded TP Android_DXTTargetPlatform
[2016.08.08-15.42.27:070][  0]LogTemp:Display: Loaded TP Android_ETC1TargetPlatform
[2016.08.08-15.42.27:077][  0]LogTemp:Display: Loaded TP Android_ETC2TargetPlatform
[2016.08.08-15.42.27:090][  0]LogTemp:Display: Loaded TP Android_MultiTargetPlatform
[2016.08.08-15.42.27:090][  0]LogTemp:Display: Loaded TP Android_PVRTCTargetPlatform
[2016.08.08-15.42.27:091][  0]LogTemp:Display: Loaded TP HTML5TargetPlatform
[2016.08.08-15.42.27:110][  0]LogTemp:Display: Loaded TP IOSTargetPlatform
[2016.08.08-15.42.27:116][  0]LogTemp:Display: Loaded TP TVOSTargetPlatform
[2016.08.08-15.42.27:122][  0]LogTemp:Display: Loaded TP LinuxNoEditorTargetPlatform
[2016.08.08-15.42.27:129][  0]LogTemp:Display: Loaded TP LinuxServerTargetPlatform
[2016.08.08-15.42.27:136][  0]LogTemp:Display: Loaded TP LinuxTargetPlatform
[2016.08.08-15.42.27:136][  0]LogTargetPlatformManager:Display: Building Assets For Windows
[2016.08.08-15.42.27:200][  0]LogDerivedDataCache:Display: Max Cache Size: 512 MB
[2016.08.08-15.42.27:244][  0]LogDerivedDataCache: Loaded boot cache 0.04s 62MB C:/Users/Medivhus/AppData/Local/UnrealEngine/4.12/DerivedDataCache/Boot.ddc.
[2016.08.08-15.42.27:245][  0]LogDerivedDataCache:Display: Loaded Boot cache: C:/Users/Medivhus/AppData/Local/UnrealEngine/4.12/DerivedDataCache/Boot.ddc
[2016.08.08-15.42.27:245][  0]LogDerivedDataCache: FDerivedDataBackendGraph:  Pak pak cache file D:/pinguslide/Pinguslide/DerivedDataCache/DDC.ddp not found, will not use a pak cache.
[2016.08.08-15.42.27:245][  0]LogDerivedDataCache: Unable to find inner node Pak for hierarchical cache Hierarchy.
[2016.08.08-15.42.27:245][  0]LogDerivedDataCache: FDerivedDataBackendGraph:  CompressedPak pak cache file D:/pinguslide/Pinguslide/DerivedDataCache/Compressed.ddp not found, will not use a pak cache.
[2016.08.08-15.42.27:245][  0]LogDerivedDataCache: Unable to find inner node CompressedPak for hierarchical cache Hierarchy.
[2016.08.08-15.42.27:257][  0]LogDerivedDataCache:Display: Pak cache opened for reading ../../../Engine/DerivedDataCache/Compressed.ddp.
[2016.08.08-15.42.27:268][  0]LogDerivedDataCache: Using Local data cache path C:/Users/Medivhus/AppData/Local/UnrealEngine/Common/DerivedDataCache: Writable
[2016.08.08-15.42.27:512][  0]LogInit: Selected Device Profile: [Windows]
[2016.08.08-15.42.27:513][  0]LogContentStreaming: Texture pool size is 0.00 MB
[2016.08.08-15.42.27:624][  0]LogMeshUtilities: No automatic mesh reduction module available
[2016.08.08-15.42.27:624][  0]LogMeshUtilities: No automatic mesh merging module available
[2016.08.08-15.42.27:624][  0]LogMeshUtilities: No distributed automatic mesh merging module available
[2016.08.08-15.42.27:818][  0]LogAssetRegistry: FAssetRegistry took 0.0194 seconds to start up
[2016.08.08-15.42.27:839][  0]LogPackageLocalizationCache: Processed 3 localized package path(s) for 2 prioritized culture(s) in 0.018712 seconds
[2016.08.08-15.42.27:843][  0]LogUObjectArray: 28739 objects as part of root set at end of initial load.
[2016.08.08-15.42.27:843][  0]LogUObjectAllocator: 5855624 out of 0 bytes used by permanent object pool.
[2016.08.08-15.42.27:843][  0]LogUObjectArray: CloseDisregardForGC: 0/0 objects in disregard for GC pool
[2016.08.08-15.42.27:849][  0]LogInit: WinSock: version 1.1 (2.2), MaxSocks=32767, MaxUdp=65467
[2016.08.08-15.42.28:009][  0]LogSlate: SlateFontCache - WITH_FREETYPE: 1, WITH_HARFBUZZ: 1
[2016.08.08-15.42.28:009][  0]LogSlate: SlateFontCache - WITH_FREETYPE: 1, WITH_HARFBUZZ: 1
[2016.08.08-15.42.29:640][  0]LogUdpMessaging: Initializing bridge on interface 0.0.0.0:0 to multicast group 230.0.0.1:6666.
[2016.08.08-15.42.29:868][  0]SourceControl: Info Source control is disabled
[2016.08.08-15.42.29:868][  0]SourceControl: Info Source control is disabled
[2016.08.08-15.42.29:873][  0]SourceControl: Info Source control is disabled
[2016.08.08-15.42.29:878][  0]SourceControl: Info Source control is disabled
[2016.08.08-15.42.30:019][  0]LogEngine: Initializing Engine...
[2016.08.08-15.42.30:020][  0]LogHMD: SteamVR failed to initialize.  Err: 110
[2016.08.08-15.42.30:021][  0]LogHMD: SteamVR failed to initialize.  Err: 110
[2016.08.08-15.42.30:134][  0]LogAIModule: Creating AISystem for world NewWorld
[2016.08.08-15.42.30:145][  0]LogInit: XAudio2 using 'lautsprecher (Realtek High Definition Audio)' : 2 channels at 48 kHz using 32 bits per sample (channel mask 0x3)
[2016.08.08-15.42.30:156][  0]LogInit: FAudioDevice initialized.
[2016.08.08-15.42.30:179][  0]LogDerivedDataCache: Saved boot cache 0.02s 48MB C:/Users/Medivhus/AppData/Local/UnrealEngine/4.12/DerivedDataCache/Boot.ddc.
[2016.08.08-15.42.30:184][  0]LogInit: Texture streaming: Enabled
[2016.08.08-15.42.30:205][  0]LogInit: Transaction tracking system initialized
[2016.08.08-15.42.30:224][  0]BlueprintLog: New page: Editor Load
[2016.08.08-15.42.30:765][  0]LocalizationService: Info Localization service is disabled
[2016.08.08-15.42.30:836][  0]LogConsoleResponse:Display: 
[2016.08.08-15.42.30:903][  0]LogCook:Display: Max memory allowance for cook 8192mb
[2016.08.08-15.42.30:903][  0]LogCook:Display: Mobile HDR setting 0
[2016.08.08-15.42.30:978][  0]LogFileCache: Scanning file cache for directory 'D:/pinguslide/Pinguslide/Content/' took 0.01s
[2016.08.08-15.42.30:978][  0]SourceControl: Info Source control is disabled
[2016.08.08-15.42.30:979][  0]LogFactory: FactoryCreateFile: PackFactory with PackFactory (0 0 F:/other/Unreal Engine/4.12/FeaturePacks/MobileStarterContent.upack)
[2016.08.08-15.42.30:984][  0]LogPackFactory: Finished extracting 8 files (including 0 errors).
[2016.08.08-15.42.30:989][  0]LogPackFactory: Copied "../../../Samples/MobileStarterContent/Content/MobileStarterContent/Architecture/Floor_400x400.uasset" to "D:/pinguslide/Pinguslide/Content/MobileStarterContent/Architecture/Floor_400x400.uasset"
[2016.08.08-15.42.30:990][  0]LogPackFactory: Copied "../../../Samples/MobileStarterContent/Content/MobileStarterContent/Architecture/Pillar_50x500.uasset" to "D:/pinguslide/Pinguslide/Content/MobileStarterContent/Architecture/Pillar_50x500.uasset"
[2016.08.08-15.42.30:991][  0]LogPackFactory: Copied "../../../Samples/MobileStarterContent/Content/MobileStarterContent/Architecture/Wall_400x200.uasset" to "D:/pinguslide/Pinguslide/Content/MobileStarterContent/Architecture/Wall_400x200.uasset"
[2016.08.08-15.42.30:991][  0]LogPackFactory: Copied "../../../Samples/MobileStarterContent/Content/MobileStarterContent/Architecture/Wall_400x300.uasset" to "D:/pinguslide/Pinguslide/Content/MobileStarterContent/Architecture/Wall_400x300.uasset"
[2016.08.08-15.42.30:992][  0]LogPackFactory: Copied "../../../Samples/MobileStarterContent/Content/MobileStarterContent/Architecture/Wall_400x400.uasset" to "D:/pinguslide/Pinguslide/Content/MobileStarterContent/Architecture/Wall_400x400.uasset"
[2016.08.08-15.42.30:993][  0]LogPackFactory: Copied "../../../Samples/MobileStarterContent/Content/MobileStarterContent/Architecture/Wall_500x500.uasset" to "D:/pinguslide/Pinguslide/Content/MobileStarterContent/Architecture/Wall_500x500.uasset"
[2016.08.08-15.42.30:993][  0]LogPackFactory: Copied "../../../Samples/MobileStarterContent/Content/MobileStarterContent/Architecture/Wall_Door_400x300.uasset" to "D:/pinguslide/Pinguslide/Content/MobileStarterContent/Architecture/Wall_Door_400x300.uasset"
[2016.08.08-15.42.30:994][  0]LogPackFactory: Copied "../../../Samples/MobileStarterContent/Content/MobileStarterContent/Architecture/Wall_Door_400x400.uasset" to "D:/pinguslide/Pinguslide/Content/MobileStarterContent/Architecture/Wall_Door_400x400.uasset"
[2016.08.08-15.42.30:995][  0]LogPackFactory: Copied "../../../Samples/MobileStarterContent/Content/MobileStarterContent/Architecture/Wall_Window_400x300.uasset" to "D:/pinguslide/Pinguslide/Content/MobileStarterContent/Architecture/Wall_Window_400x300.uasset"
[2016.08.08-15.42.30:996][  0]LogPackFactory: Copied "../../../Samples/MobileStarterContent/Content/MobileStarterContent/Architecture/Wall_Window_400x400.uasset" to "D:/pinguslide/Pinguslide/Content/MobileStarterContent/Architecture/Wall_Window_400x400.uasset"
[2016.08.08-15.42.30:997][  0]LogPackFactory: Copied "../../../Samples/MobileStarterContent/Content/MobileStarterContent/Audio/Collapse01.uasset" to "D:/pinguslide/Pinguslide/Content/MobileStarterContent/Audio/Collapse01.uasset"
[2016.08.08-15.42.30:998][  0]LogPackFactory: Copied "../../../Samples/MobileStarterContent/Content/MobileStarterContent/Audio/Collapse02.uasset" to "D:/pinguslide/Pinguslide/Content/MobileStarterContent/Audio/Collapse02.uasset"
[2016.08.08-15.42.30:999][  0]LogPackFactory: Copied "../../../Samples/MobileStarterContent/Content/MobileStarterContent/Audio/Collapse_Cue.uasset" to "D:/pinguslide/Pinguslide/Content/MobileStarterContent/Audio/Collapse_Cue.uasset"
[2016.08.08-15.42.31:000][  0]LogPackFactory: Copied "../../../Samples/MobileStarterContent/Content/MobileStarterContent/Audio/Explosion01.uasset" to "D:/pinguslide/Pinguslide/Content/MobileStarterContent/Audio/Explosion01.uasset"
[2016.08.08-15.42.31:001][  0]LogPackFactory: Copied "../../../Samples/MobileStarterContent/Content/MobileStarterContent/Audio/Explosion02.uasset" to "D:/pinguslide/Pinguslide/Content/MobileStarterContent/Audio/Explosion02.uasset"
[2016.08.08-15.42.31:002][  0]LogPackFactory: Copied "../../../Samples/MobileStarterContent/Content/MobileStarterContent/Audio/Explosion_Cue.uasset" to "D:/pinguslide/Pinguslide/Content/MobileStarterContent/Audio/Explosion_Cue.uasset"
[2016.08.08-15.42.31:003][  0]LogPackFactory: Copied "../../../Samples/MobileStarterContent/Content/MobileStarterContent/Audio/Fire01.uasset" to "D:/pinguslide/Pinguslide/Content/MobileStarterContent/Audio/Fire01.uasset"
[2016.08.08-15.42.31:004][  0]LogPackFactory: Copied "../../../Samples/MobileStarterContent/Content/MobileStarterContent/Audio/Fire01_Cue.uasset" to "D:/pinguslide/Pinguslide/Content/MobileStarterContent/Audio/Fire01_Cue.uasset"
[2016.08.08-15.42.31:005][  0]LogPackFactory: Copied "../../../Samples/MobileStarterContent/Content/MobileStarterContent/Audio/Fire_Sparks01.uasset" to "D:/pinguslide/Pinguslide/Content/MobileStarterContent/Audio/Fire_Sparks01.uasset"
[2016.08.08-15.42.31:006][  0]LogPackFactory: Copied "../../../Samples/MobileStarterContent/Content/MobileStarterContent/Audio/Fire_Sparks01_Cue.uasset" to "D:/pinguslide/Pinguslide/Content/MobileStarterContent/Audio/Fire_Sparks01_Cue.uasset"
[2016.08.08-15.42.31:014][  0]LogPackFactory: Copied "../../../Samples/MobileStarterContent/Content/MobileStarterContent/Audio/Light01.uasset" to "D:/pinguslide/Pinguslide/Content/MobileStarterContent/Audio/Light01.uasset"
[2016.08.08-15.42.31:015][  0]LogPackFactory: Copied "../../../Samples/MobileStarterContent/Content/MobileStarterContent/Audio/Light01_Cue.uasset" to "D:/pinguslide/Pinguslide/Content/MobileStarterContent/Audio/Light01_Cue.uasset"
[2016.08.08-15.42.31:016][  0]LogPackFactory: Copied "../../../Samples/MobileStarterContent/Content/MobileStarterContent/Audio/Light02.uasset" to "D:/pinguslide/Pinguslide/Content/MobileStarterContent/Audio/Light02.uasset"
[2016.08.08-15.42.31:017][  0]LogPackFactory: Copied "../../../Samples/MobileStarterContent/Content/MobileStarterContent/Audio/Light02_Cue.uasset" to "D:/pinguslide/Pinguslide/Content/MobileStarterContent/Audio/Light02_Cue.uasset"
[2016.08.08-15.42.31:018][  0]LogPackFactory: Copied "../../../Samples/MobileStarterContent/Content/MobileStarterContent/Audio/Smoke01.uasset" to "D:/pinguslide/Pinguslide/Content/MobileStarterContent/Audio/Smoke01.uasset"
[2016.08.08-15.42.31:018][  0]LogPackFactory: Copied "../../../Samples/MobileStarterContent/Content/MobileStarterContent/Audio/Smoke01_Cue.uasset" to "D:/pinguslide/Pinguslide/Content/MobileStarterContent/Audio/Smoke01_Cue.uasset"
[2016.08.08-15.42.31:019][  0]LogPackFactory: Copied "../../../Samples/MobileStarterContent/Content/MobileStarterContent/Audio/Starter_Background_Cue.uasset" to "D:/pinguslide/Pinguslide/Content/MobileStarterContent/Audio/Starter_Background_Cue.uasset"
[2016.08.08-15.42.31:022][  0]LogPackFactory: Copied "../../../Samples/MobileStarterContent/Content/MobileStarterContent/Audio/Starter_Birds01.uasset" to "D:/pinguslide/Pinguslide/Content/MobileStarterContent/Audio/Starter_Birds01.uasset"
[2016.08.08-15.42.31:034][  0]LogPackFactory: Copied "../../../Samples/MobileStarterContent/Content/MobileStarterContent/Audio/Starter_Music01.uasset" to "D:/pinguslide/Pinguslide/Content/MobileStarterContent/Audio/Starter_Music01.uasset"
[2016.08.08-15.42.31:035][  0]LogPackFactory: Copied "../../../Samples/MobileStarterContent/Content/MobileStarterContent/Audio/Starter_Music_Cue.uasset" to "D:/pinguslide/Pinguslide/Content/MobileStarterContent/Audio/Starter_Music_Cue.uasset"
[2016.08.08-15.42.31:039][  0]LogPackFactory: Copied "../../../Samples/MobileStarterContent/Content/MobileStarterContent/Audio/Starter_Wind05.uasset" to "D:/pinguslide/Pinguslide/Content/MobileStarterContent/Audio/Starter_Wind05.uasset"
[2016.08.08-15.42.31:042][  0]LogPackFactory: Copied "../../../Samples/MobileStarterContent/Content/MobileStarterContent/Audio/Starter_Wind06.uasset" to "D:/pinguslide/Pinguslide/Content/MobileStarterContent/Audio/Starter_Wind06.uasset"
[2016.08.08-15.42.31:043][  0]LogPackFactory: Copied "../../../Samples/MobileStarterContent/Content/MobileStarterContent/Audio/Steam01.uasset" to "D:/pinguslide/Pinguslide/Content/MobileStarterContent/Audio/Steam01.uasset"
[2016.08.08-15.42.31:044][  0]LogPackFactory: Copied "../../../Samples/MobileStarterContent/Content/MobileStarterContent/Audio/Steam01_Cue.uasset" to "D:/pinguslide/Pinguslide/Content/MobileStarterContent/Audio/Steam01_Cue.uasset"
[2016.08.08-15.42.31:045][  0]LogPackFactory: Copied "../../../Samples/MobileStarterContent/Content/MobileStarterContent/Blueprints/Blueprint_CeilingLight.uasset" to "D:/pinguslide/Pinguslide/Content/MobileStarterContent/Blueprints/Blueprint_CeilingLight.uasset"
[2016.08.08-15.42.31:046][  0]LogPackFactory: Copied "../../../Samples/MobileStarterContent/Content/MobileStarterContent/Blueprints/Blueprint_Effect_Explosion.uasset" to "D:/pinguslide/Pinguslide/Content/MobileStarterContent/Blueprints/Blueprint_Effect_Explosion.uasset"
[2016.08.08-15.42.31:046][  0]LogPackFactory: Copied "../../../Samples/MobileStarterContent/Content/MobileStarterContent/Blueprints/Blueprint_Effect_Fire.uasset" to "D:/pinguslide/Pinguslide/Content/MobileStarterContent/Blueprints/Blueprint_Effect_Fire.uasset"
[2016.08.08-15.42.31:047][  0]LogPackFactory: Copied "../../../Samples/MobileStarterContent/Content/MobileStarterContent/Blueprints/Blueprint_Effect_Smoke.uasset" to "D:/pinguslide/Pinguslide/Content/MobileStarterContent/Blueprints/Blueprint_Effect_Smoke.uasset"
[2016.08.08-15.42.31:048][  0]LogPackFactory: Copied "../../../Samples/MobileStarterContent/Content/MobileStarterContent/Blueprints/Blueprint_Effect_Sparks.uasset" to "D:/pinguslide/Pinguslide/Content/MobileStarterContent/Blueprints/Blueprint_Effect_Sparks.uasset"
[2016.08.08-15.42.31:048][  0]LogPackFactory: Copied "../../../Samples/MobileStarterContent/Content/MobileStarterContent/Blueprints/Blueprint_WallSconce.uasset" to "D:/pinguslide/Pinguslide/Content/MobileStarterContent/Blueprints/Blueprint_WallSconce.uasset"
[2016.08.08-15.42.31:051][  0]LogPackFactory: Copied "../../../Samples/MobileStarterContent/Content/MobileStarterContent/Maps/Minimal_Default.umap" to "D:/pinguslide/Pinguslide/Content/MobileStarterContent/Maps/Minimal_Default.umap"
[2016.08.08-15.42.31:070][  0]LogPackFactory: Copied "../../../Samples/MobileStarterContent/Content/MobileStarterContent/Maps/StarterMap.umap" to "D:/pinguslide/Pinguslide/Content/MobileStarterContent/Maps/StarterMap.umap"
[2016.08.08-15.42.31:072][  0]LogPackFactory: Copied "../../../Samples/MobileStarterContent/Content/MobileStarterContent/Materials/M_Basic_Floor.uasset" to "D:/pinguslide/Pinguslide/Content/MobileStarterContent/Materials/M_Basic_Floor.uasset"
[2016.08.08-15.42.31:072][  0]LogPackFactory: Copied "../../../Samples/MobileStarterContent/Content/MobileStarterContent/Materials/M_Basic_Wall.uasset" to "D:/pinguslide/Pinguslide/Content/MobileStarterContent/Materials/M_Basic_Wall.uasset"
[2016.08.08-15.42.31:073][  0]LogPackFactory: Copied "../../../Samples/MobileStarterContent/Content/MobileStarterContent/Materials/M_Brick_Clay_Beveled.uasset" to "D:/pinguslide/Pinguslide/Content/MobileStarterContent/Materials/M_Brick_Clay_Beveled.uasset"
[2016.08.08-15.42.31:074][  0]LogPackFactory: Copied "../../../Samples/MobileStarterContent/Content/MobileStarterContent/Materials/M_Brick_Clay_New.uasset" to "D:/pinguslide/Pinguslide/Content/MobileStarterContent/Materials/M_Brick_Clay_New.uasset"
[2016.08.08-15.42.31:075][  0]LogPackFactory: Copied "../../../Samples/MobileStarterContent/Content/MobileStarterContent/Materials/M_Brick_Clay_Old.uasset" to "D:/pinguslide/Pinguslide/Content/MobileStarterContent/Materials/M_Brick_Clay_Old.uasset"
[2016.08.08-15.42.31:076][  0]LogPackFactory: Copied "../../../Samples/MobileStarterContent/Content/MobileStarterContent/Materials/M_Brick_Cut_Stone.uasset" to "D:/pinguslide/Pinguslide/Content/MobileStarterContent/Materials/M_Brick_Cut_Stone.uasset"
[2016.08.08-15.42.31:076][  0]LogPackFactory: Copied "../../../Samples/MobileStarterContent/Content/MobileStarterContent/Materials/M_Brick_Hewn_Stone.uasset" to "D:/pinguslide/Pinguslide/Content/MobileStarterContent/Materials/M_Brick_Hewn_Stone.uasset"
[2016.08.08-15.42.31:077][  0]LogPackFactory: Copied "../../../Samples/MobileStarterContent/Content/MobileStarterContent/Materials/M_Ceramic_Tile_Checker.uasset" to "D:/pinguslide/Pinguslide/Content/MobileStarterContent/Materials/M_Ceramic_Tile_Checker.uasset"
[2016.08.08-15.42.31:078][  0]LogPackFactory: Copied "../../../Samples/MobileStarterContent/Content/MobileStarterContent/Materials/M_CobbleStone_Pebble.uasset" to "D:/pinguslide/Pinguslide/Content/MobileStarterContent/Materials/M_CobbleStone_Pebble.uasset"
[2016.08.08-15.42.31:079][  0]LogPackFactory: Copied "../../../Samples/MobileStarterContent/Content/MobileStarterContent/Materials/M_CobbleStone_Rough.uasset" to "D:/pinguslide/Pinguslide/Content/MobileStarterContent/Materials/M_CobbleStone_Rough.uasset"
[2016.08.08-15.42.31:080][  0]LogPackFactory: Copied "../../../Samples/MobileStarterContent/Content/MobileStarterContent/Materials/M_CobbleStone_Smooth.uasset" to "D:/pinguslide/Pinguslide/Content/MobileStarterContent/Materials/M_CobbleStone_Smooth.uasset"
[2016.08.08-15.42.31:080][  0]LogPackFactory: Copied "../../../Samples/MobileStarterContent/Content/MobileStarterContent/Materials/M_Concrete_Grime.uasset" to "D:/pinguslide/Pinguslide/Content/MobileStarterContent/Materials/M_Concrete_Grime.uasset"
[2016.08.08-15.42.31:081][  0]LogPackFactory: Copied "../../../Samples/MobileStarterContent/Content/MobileStarterContent/Materials/M_Concrete_Panels.uasset" to "D:/pinguslide/Pinguslide/Content/MobileStarterContent/Materials/M_Concrete_Panels.uasset"
[2016.08.08-15.42.31:082][  0]LogPackFactory: Copied "../../../Samples/MobileStarterContent/Content/MobileStarterContent/Materials/M_Concrete_Poured.uasset" to "D:/pinguslide/Pinguslide/Content/MobileStarterContent/Materials/M_Concrete_Poured.uasset"
[2016.08.08-15.42.31:083][  0]LogPackFactory: Copied "../../../Samples/MobileStarterContent/Content/MobileStarterContent/Materials/M_Concrete_Tiles.uasset" to "D:/pinguslide/Pinguslide/Content/MobileStarterContent/Materials/M_Concrete_Tiles.uasset"
[2016.08.08-15.42.31:084][  0]LogPackFactory: Copied "../../../Samples/MobileStarterContent/Content/MobileStarterContent/Materials/M_Glass.uasset" to "D:/pinguslide/Pinguslide/Content/MobileStarterContent/Materials/M_Glass.uasset"
[2016.08.08-15.42.31:085][  0]LogPackFactory: Copied "../../../Samples/MobileStarterContent/Content/MobileStarterContent/Materials/M_Ground_Grass.uasset" to "D:/pinguslide/Pinguslide/Content/MobileStarterContent/Materials/M_Ground_Grass.uasset"
[2016.08.08-15.42.31:086][  0]LogPackFactory: Copied "../../../Samples/MobileStarterContent/Content/MobileStarterContent/Materials/M_Ground_Gravel.uasset" to "D:/pinguslide/Pinguslide/Content/MobileStarterContent/Materials/M_Ground_Gravel.uasset"
[2016.08.08-15.42.31:086][  0]LogPackFactory: Copied "../../../Samples/MobileStarterContent/Content/MobileStarterContent/Materials/M_Ground_Moss.uasset" to "D:/pinguslide/Pinguslide/Content/MobileStarterContent/Materials/M_Ground_Moss.uasset"
[2016.08.08-15.42.31:087][  0]LogPackFactory: Copied "../../../Samples/MobileStarterContent/Content/MobileStarterContent/Materials/M_Metal_Brushed_Nickel.uasset" to "D:/pinguslide/Pinguslide/Content/MobileStarterContent/Materials/M_Metal_Brushed_Nickel.uasset"
[2016.08.08-15.42.31:088][  0]LogPackFactory: Copied "../../../Samples/MobileStarterContent/Content/MobileStarterContent/Materials/M_Metal_Burnished_Steel.uasset" to "D:/pinguslide/Pinguslide/Content/MobileStarterContent/Materials/M_Metal_Burnished_Steel.uasset"
[2016.08.08-15.42.31:089][  0]LogPackFactory: Copied "../../../Samples/MobileStarterContent/Content/MobileStarterContent/Materials/M_Metal_Chrome.uasset" to "D:/pinguslide/Pinguslide/Content/MobileStarterContent/Materials/M_Metal_Chrome.uasset"
[2016.08.08-15.42.31:090][  0]LogPackFactory: Copied "../../../Samples/MobileStarterContent/Content/MobileStarterContent/Materials/M_Metal_Copper.uasset" to "D:/pinguslide/Pinguslide/Content/MobileStarterContent/Materials/M_Metal_Copper.uasset"
[2016.08.08-15.42.31:090][  0]LogPackFactory: Copied "../../../Samples/MobileStarterContent/Content/MobileStarterContent/Materials/M_Metal_Gold.uasset" to "D:/pinguslide/Pinguslide/Content/MobileStarterContent/Materials/M_Metal_Gold.uasset"
[2016.08.08-15.42.31:091][  0]LogPackFactory: Copied "../../../Samples/MobileStarterContent/Content/MobileStarterContent/Materials/M_Metal_Rust.uasset" to "D:/pinguslide/Pinguslide/Content/MobileStarterContent/Materials/M_Metal_Rust.uasset"
[2016.08.08-15.42.31:092][  0]LogPackFactory: Copied "../../../Samples/MobileStarterContent/Content/MobileStarterContent/Materials/M_Metal_Steel.uasset" to "D:/pinguslide/Pinguslide/Content/MobileStarterContent/Materials/M_Metal_Steel.uasset"
[2016.08.08-15.42.31:098][  0]LogPackFactory: Copied "../../../Samples/MobileStarterContent/Content/MobileStarterContent/Materials/M_Rock_Basalt.uasset" to "D:/pinguslide/Pinguslide/Content/MobileStarterContent/Materials/M_Rock_Basalt.uasset"
[2016.08.08-15.42.31:099][  0]LogPackFactory: Copied "../../../Samples/MobileStarterContent/Content/MobileStarterContent/Materials/M_Rock_Marble_Polished.uasset" to "D:/pinguslide/Pinguslide/Content/MobileStarterContent/Materials/M_Rock_Marble_Polished.uasset"
[2016.08.08-15.42.31:100][  0]LogPackFactory: Copied "../../../Samples/MobileStarterContent/Content/MobileStarterContent/Materials/M_Rock_Sandstone.uasset" to "D:/pinguslide/Pinguslide/Content/MobileStarterContent/Materials/M_Rock_Sandstone.uasset"
[2016.08.08-15.42.31:100][  0]LogPackFactory: Copied "../../../Samples/MobileStarterContent/Content/MobileStarterContent/Materials/M_Rock_Slate.uasset" to "D:/pinguslide/Pinguslide/Content/MobileStarterContent/Materials/M_Rock_Slate.uasset"
[2016.08.08-15.42.31:101][  0]LogPackFactory: Copied "../../../Samples/MobileStarterContent/Content/MobileStarterContent/Materials/M_Tech_Checker_Dot.uasset" to "D:/pinguslide/Pinguslide/Content/MobileStarterContent/Materials/M_Tech_Checker_Dot.uasset"
[2016.08.08-15.42.31:102][  0]LogPackFactory: Copied "../../../Samples/MobileStarterContent/Content/MobileStarterContent/Materials/M_Tech_Hex_Tile.uasset" to "D:/pinguslide/Pinguslide/Content/MobileStarterContent/Materials/M_Tech_Hex_Tile.uasset"
[2016.08.08-15.42.31:103][  0]LogPackFactory: Copied "../../../Samples/MobileStarterContent/Content/MobileStarterContent/Materials/M_Tech_Hex_Tile_Pulse.uasset" to "D:/pinguslide/Pinguslide/Content/MobileStarterContent/Materials/M_Tech_Hex_Tile_Pulse.uasset"
[2016.08.08-15.42.31:103][  0]LogPackFactory: Copied "../../../Samples/MobileStarterContent/Content/MobileStarterContent/Materials/M_Tech_Panel.uasset" to "D:/pinguslide/Pinguslide/Content/MobileStarterContent/Materials/M_Tech_Panel.uasset"
[2016.08.08-15.42.31:105][  0]LogPackFactory: Copied "../../../Samples/MobileStarterContent/Content/MobileStarterContent/Materials/M_Water_Lake.uasset" to "D:/pinguslide/Pinguslide/Content/MobileStarterContent/Materials/M_Water_Lake.uasset"
[2016.08.08-15.42.31:106][  0]LogPackFactory: Copied "../../../Samples/MobileStarterContent/Content/MobileStarterContent/Materials/M_Water_Ocean.uasset" to "D:/pinguslide/Pinguslide/Content/MobileStarterContent/Materials/M_Water_Ocean.uasset"
[2016.08.08-15.42.31:107][  0]LogPackFactory: Copied "../../../Samples/MobileStarterContent/Content/MobileStarterContent/Materials/M_Wood_Floor_Walnut_Polished.uasset" to "D:/pinguslide/Pinguslide/Content/MobileStarterContent/Materials/M_Wood_Floor_Walnut_Polished.uasset"
[2016.08.08-15.42.31:108][  0]LogPackFactory: Copied "../../../Samples/MobileStarterContent/Content/MobileStarterContent/Materials/M_Wood_Floor_Walnut_Worn.uasset" to "D:/pinguslide/Pinguslide/Content/MobileStarterContent/Materials/M_Wood_Floor_Walnut_Worn.uasset"
[2016.08.08-15.42.31:108][  0]LogPackFactory: Copied "../../../Samples/MobileStarterContent/Content/MobileStarterContent/Materials/M_Wood_Oak.uasset" to "D:/pinguslide/Pinguslide/Content/MobileStarterContent/Materials/M_Wood_Oak.uasset"
[2016.08.08-15.42.31:109][  0]LogPackFactory: Copied "../../../Samples/MobileStarterContent/Content/MobileStarterContent/Materials/M_Wood_Pine.uasset" to "D:/pinguslide/Pinguslide/Content/MobileStarterContent/Materials/M_Wood_Pine.uasset"
[2016.08.08-15.42.31:110][  0]LogPackFactory: Copied "../../../Samples/MobileStarterContent/Content/MobileStarterContent/Materials/M_Wood_Walnut.uasset" to "D:/pinguslide/Pinguslide/Content/MobileStarterContent/Materials/M_Wood_Walnut.uasset"
[2016.08.08-15.42.31:111][  0]LogPackFactory: Copied "../../../Samples/MobileStarterContent/Content/MobileStarterContent/Particles/P_Ambient_Dust.uasset" to "D:/pinguslide/Pinguslide/Content/MobileStarterContent/Particles/P_Ambient_Dust.uasset"
[2016.08.08-15.42.31:112][  0]LogPackFactory: Copied "../../../Samples/MobileStarterContent/Content/MobileStarterContent/Particles/P_Explosion.uasset" to "D:/pinguslide/Pinguslide/Content/MobileStarterContent/Particles/P_Explosion.uasset"
[2016.08.08-15.42.31:113][  0]LogPackFactory: Copied "../../../Samples/MobileStarterContent/Content/MobileStarterContent/Particles/P_Fire.uasset" to "D:/pinguslide/Pinguslide/Content/MobileStarterContent/Particles/P_Fire.uasset"
[2016.08.08-15.42.31:113][  0]LogPackFactory: Copied "../../../Samples/MobileStarterContent/Content/MobileStarterContent/Particles/P_Smoke.uasset" to "D:/pinguslide/Pinguslide/Content/MobileStarterContent/Particles/P_Smoke.uasset"
[2016.08.08-15.42.31:114][  0]LogPackFactory: Copied "../../../Samples/MobileStarterContent/Content/MobileStarterContent/Particles/P_Sparks.uasset" to "D:/pinguslide/Pinguslide/Content/MobileStarterContent/Particles/P_Sparks.uasset"
[2016.08.08-15.42.31:115][  0]LogPackFactory: Copied "../../../Samples/MobileStarterContent/Content/MobileStarterContent/Particles/Materials/M_Burst.uasset" to "D:/pinguslide/Pinguslide/Content/MobileStarterContent/Particles/Materials/M_Burst.uasset"
[2016.08.08-15.42.31:116][  0]LogPackFactory: Copied "../../../Samples/MobileStarterContent/Content/MobileStarterContent/Particles/Materials/M_Dust_Particle.uasset" to "D:/pinguslide/Pinguslide/Content/MobileStarterContent/Particles/Materials/M_Dust_Particle.uasset"
[2016.08.08-15.42.31:117][  0]LogPackFactory: Copied "../../../Samples/MobileStarterContent/Content/MobileStarterContent/Particles/Materials/M_explosion_subUV.uasset" to "D:/pinguslide/Pinguslide/Content/MobileStarterContent/Particles/Materials/M_explosion_subUV.uasset"
[2016.08.08-15.42.31:118][  0]LogPackFactory: Copied "../../../Samples/MobileStarterContent/Content/MobileStarterContent/Particles/Materials/M_Fire_SubUV.uasset" to "D:/pinguslide/Pinguslide/Content/MobileStarterContent/Particles/Materials/M_Fire_SubUV.uasset"
[2016.08.08-15.42.31:118][  0]LogPackFactory: Copied "../../../Samples/MobileStarterContent/Content/MobileStarterContent/Particles/Materials/m_flare_01.uasset" to "D:/pinguslide/Pinguslide/Content/MobileStarterContent/Particles/Materials/m_flare_01.uasset"
[2016.08.08-15.42.31:119][  0]LogPackFactory: Copied "../../../Samples/MobileStarterContent/Content/MobileStarterContent/Particles/Materials/M_Radial_Gradient.uasset" to "D:/pinguslide/Pinguslide/Content/MobileStarterContent/Particles/Materials/M_Radial_Gradient.uasset"
[2016.08.08-15.42.31:120][  0]LogPackFactory: Copied "../../../Samples/MobileStarterContent/Content/MobileStarterContent/Particles/Materials/M_radial_ramp.uasset" to "D:/pinguslide/Pinguslide/Content/MobileStarterContent/Particles/Materials/M_radial_ramp.uasset"
[2016.08.08-15.42.31:120][  0]LogPackFactory: Copied "../../../Samples/MobileStarterContent/Content/MobileStarterContent/Particles/Materials/M_smoke_subUV.uasset" to "D:/pinguslide/Pinguslide/Content/MobileStarterContent/Particles/Materials/M_smoke_subUV.uasset"
[2016.08.08-15.42.31:121][  0]LogPackFactory: Copied "../../../Samples/MobileStarterContent/Content/MobileStarterContent/Particles/Materials/M_Spark.uasset" to "D:/pinguslide/Pinguslide/Content/MobileStarterContent/Particles/Materials/M_Spark.uasset"
[2016.08.08-15.42.31:122][  0]LogPackFactory: Copied "../../../Samples/MobileStarterContent/Content/MobileStarterContent/Props/MaterialSphere.uasset" to "D:/pinguslide/Pinguslide/Content/MobileStarterContent/Props/MaterialSphere.uasset"
[2016.08.08-15.42.31:133][  0]LogPackFactory: Copied "../../../Samples/MobileStarterContent/Content/MobileStarterContent/Props/SM_Bush.uasset" to "D:/pinguslide/Pinguslide/Content/MobileStarterContent/Props/SM_Bush.uasset"
[2016.08.08-15.42.31:134][  0]LogPackFactory: Copied "../../../Samples/MobileStarterContent/Content/MobileStarterContent/Props/SM_Chair.uasset" to "D:/pinguslide/Pinguslide/Content/MobileStarterContent/Props/SM_Chair.uasset"
[2016.08.08-15.42.31:135][  0]LogPackFactory: Copied "../../../Samples/MobileStarterContent/Content/MobileStarterContent/Props/SM_CornerFrame.uasset" to "D:/pinguslide/Pinguslide/Content/MobileStarterContent/Props/SM_CornerFrame.uasset"
[2016.08.08-15.42.31:135][  0]LogPackFactory: Copied "../../../Samples/MobileStarterContent/Content/MobileStarterContent/Props/SM_Couch.uasset" to "D:/pinguslide/Pinguslide/Content/MobileStarterContent/Props/SM_Couch.uasset"
[2016.08.08-15.42.31:136][  0]LogPackFactory: Copied "../../../Samples/MobileStarterContent/Content/MobileStarterContent/Props/SM_Door.uasset" to "D:/pinguslide/Pinguslide/Content/MobileStarterContent/Props/SM_Door.uasset"
[2016.08.08-15.42.31:137][  0]LogPackFactory: Copied "../../../Samples/MobileStarterContent/Content/MobileStarterContent/Props/SM_DoorFrame.uasset" to "D:/pinguslide/Pinguslide/Content/MobileStarterContent/Props/SM_DoorFrame.uasset"
[2016.08.08-15.42.31:137][  0]LogPackFactory: Copied "../../../Samples/MobileStarterContent/Content/MobileStarterContent/Props/SM_GlassWindow.uasset" to "D:/pinguslide/Pinguslide/Content/MobileStarterContent/Props/SM_GlassWindow.uasset"
[2016.08.08-15.42.31:138][  0]LogPackFactory: Copied "../../../Samples/MobileStarterContent/Content/MobileStarterContent/Props/SM_Lamp_Ceiling.uasset" to "D:/pinguslide/Pinguslide/Content/MobileStarterContent/Props/SM_Lamp_Ceiling.uasset"
[2016.08.08-15.42.31:139][  0]LogPackFactory: Copied "../../../Samples/MobileStarterContent/Content/MobileStarterContent/Props/SM_Lamp_Wall.uasset" to "D:/pinguslide/Pinguslide/Content/MobileStarterContent/Props/SM_Lamp_Wall.uasset"
[2016.08.08-15.42.31:142][  0]LogPackFactory: Copied "../../../Samples/MobileStarterContent/Content/MobileStarterContent/Props/SM_MatPreviewMesh_02.uasset" to "D:/pinguslide/Pinguslide/Content/MobileStarterContent/Props/SM_MatPreviewMesh_02.uasset"
[2016.08.08-15.42.31:142][  0]LogPackFactory: Copied "../../../Samples/MobileStarterContent/Content/MobileStarterContent/Props/SM_PillarFrame.uasset" to "D:/pinguslide/Pinguslide/Content/MobileStarterContent/Props/SM_PillarFrame.uasset"
[2016.08.08-15.42.31:143][  0]LogPackFactory: Copied "../../../Samples/MobileStarterContent/Content/MobileStarterContent/Props/SM_PillarFrame300.uasset" to "D:/pinguslide/Pinguslide/Content/MobileStarterContent/Props/SM_PillarFrame300.uasset"
[2016.08.08-15.42.31:144][  0]LogPackFactory: Copied "../../../Samples/MobileStarterContent/Content/MobileStarterContent/Props/SM_Rock.uasset" to "D:/pinguslide/Pinguslide/Content/MobileStarterContent/Props/SM_Rock.uasset"
[2016.08.08-15.42.31:149][  0]LogPackFactory: Copied "../../../Samples/MobileStarterContent/Content/MobileStarterContent/Props/SM_Shelf.uasset" to "D:/pinguslide/Pinguslide/Content/MobileStarterContent/Props/SM_Shelf.uasset"
[2016.08.08-15.42.31:150][  0]LogPackFactory: Copied "../../../Samples/MobileStarterContent/Content/MobileStarterContent/Props/SM_Stairs.uasset" to "D:/pinguslide/Pinguslide/Content/MobileStarterContent/Props/SM_Stairs.uasset"
[2016.08.08-15.42.31:151][  0]LogPackFactory: Copied "../../../Samples/MobileStarterContent/Content/MobileStarterContent/Props/SM_Statue.uasset" to "D:/pinguslide/Pinguslide/Content/MobileStarterContent/Props/SM_Statue.uasset"
[2016.08.08-15.42.31:152][  0]LogPackFactory: Copied "../../../Samples/MobileStarterContent/Content/MobileStarterContent/Props/SM_TableRound.uasset" to "D:/pinguslide/Pinguslide/Content/MobileStarterContent/Props/SM_TableRound.uasset"
[2016.08.08-15.42.31:153][  0]LogPackFactory: Copied "../../../Samples/MobileStarterContent/Content/MobileStarterContent/Props/SM_WindowFrame.uasset" to "D:/pinguslide/Pinguslide/Content/MobileStarterContent/Props/SM_WindowFrame.uasset"
[2016.08.08-15.42.31:154][  0]LogPackFactory: Copied "../../../Samples/MobileStarterContent/Content/MobileStarterContent/Props/Materials/M_Bush.uasset" to "D:/pinguslide/Pinguslide/Content/MobileStarterContent/Props/Materials/M_Bush.uasset"
[2016.08.08-15.42.31:155][  0]LogPackFactory: Copied "../../../Samples/MobileStarterContent/Content/MobileStarterContent/Props/Materials/M_Chair.uasset" to "D:/pinguslide/Pinguslide/Content/MobileStarterContent/Props/Materials/M_Chair.uasset"
[2016.08.08-15.42.31:156][  0]LogPackFactory: Copied "../../../Samples/MobileStarterContent/Content/MobileStarterContent/Props/Materials/M_Door.uasset" to "D:/pinguslide/Pinguslide/Content/MobileStarterContent/Props/Materials/M_Door.uasset"
[2016.08.08-15.42.31:157][  0]LogPackFactory: Copied "../../../Samples/MobileStarterContent/Content/MobileStarterContent/Props/Materials/M_Frame.uasset" to "D:/pinguslide/Pinguslide/Content/MobileStarterContent/Props/Materials/M_Frame.uasset"
[2016.08.08-15.42.31:157][  0]LogPackFactory: Copied "../../../Samples/MobileStarterContent/Content/MobileStarterContent/Props/Materials/M_Lamp.uasset" to "D:/pinguslide/Pinguslide/Content/MobileStarterContent/Props/Materials/M_Lamp.uasset"
[2016.08.08-15.42.31:165][  0]LogPackFactory: Copied "../../../Samples/MobileStarterContent/Content/MobileStarterContent/Props/Materials/M_MaterialSphere.uasset" to "D:/pinguslide/Pinguslide/Content/MobileStarterContent/Props/Materials/M_MaterialSphere.uasset"
[2016.08.08-15.42.31:166][  0]LogPackFactory: Copied "../../../Samples/MobileStarterContent/Content/MobileStarterContent/Props/Materials/M_MaterialSphere_Plain.uasset" to "D:/pinguslide/Pinguslide/Content/MobileStarterContent/Props/Materials/M_MaterialSphere_Plain.uasset"
[2016.08.08-15.42.31:167][  0]LogPackFactory: Copied "../../../Samples/MobileStarterContent/Content/MobileStarterContent/Props/Materials/M_Rock.uasset" to "D:/pinguslide/Pinguslide/Content/MobileStarterContent/Props/Materials/M_Rock.uasset"
[2016.08.08-15.42.31:173][  0]LogPackFactory: Copied "../../../Samples/MobileStarterContent/Content/MobileStarterContent/Props/Materials/M_Shelf.uasset" to "D:/pinguslide/Pinguslide/Content/MobileStarterContent/Props/Materials/M_Shelf.uasset"
[2016.08.08-15.42.31:173][  0]LogPackFactory: Copied "../../../Samples/MobileStarterContent/Content/MobileStarterContent/Props/Materials/M_Statue.uasset" to "D:/pinguslide/Pinguslide/Content/MobileStarterContent/Props/Materials/M_Statue.uasset"
[2016.08.08-15.42.31:175][  0]LogPackFactory: Copied "../../../Samples/MobileStarterContent/Content/MobileStarterContent/Props/Materials/M_StatueGlass.uasset" to "D:/pinguslide/Pinguslide/Content/MobileStarterContent/Props/Materials/M_StatueGlass.uasset"
[2016.08.08-15.42.31:176][  0]LogPackFactory: Copied "../../../Samples/MobileStarterContent/Content/MobileStarterContent/Props/Materials/M_TableRound.uasset" to "D:/pinguslide/Pinguslide/Content/MobileStarterContent/Props/Materials/M_TableRound.uasset"
[2016.08.08-15.42.31:176][  0]LogPackFactory: Copied "../../../Samples/MobileStarterContent/Content/MobileStarterContent/Shapes/Shape_Cone.uasset" to "D:/pinguslide/Pinguslide/Content/MobileStarterContent/Shapes/Shape_Cone.uasset"
[2016.08.08-15.42.31:177][  0]LogPackFactory: Copied "../../../Samples/MobileStarterContent/Content/MobileStarterContent/Shapes/Shape_Cube.uasset" to "D:/pinguslide/Pinguslide/Content/MobileStarterContent/Shapes/Shape_Cube.uasset"
[2016.08.08-15.42.31:179][  0]LogPackFactory: Copied "../../../Samples/MobileStarterContent/Content/MobileStarterContent/Shapes/Shape_Cylinder.uasset" to "D:/pinguslide/Pinguslide/Content/MobileStarterContent/Shapes/Shape_Cylinder.uasset"
[2016.08.08-15.42.31:179][  0]LogPackFactory: Copied "../../../Samples/MobileStarterContent/Content/MobileStarterContent/Shapes/Shape_NarrowCapsule.uasset" to "D:/pinguslide/Pinguslide/Content/MobileStarterContent/Shapes/Shape_NarrowCapsule.uasset"
[2016.08.08-15.42.31:180][  0]LogPackFactory: Copied "../../../Samples/MobileStarterContent/Content/MobileStarterContent/Shapes/Shape_Pipe.uasset" to "D:/pinguslide/Pinguslide/Content/MobileStarterContent/Shapes/Shape_Pipe.uasset"
[2016.08.08-15.42.31:181][  0]LogPackFactory: Copied "../../../Samples/MobileStarterContent/Content/MobileStarterContent/Shapes/Shape_Pipe_180.uasset" to "D:/pinguslide/Pinguslide/Content/MobileStarterContent/Shapes/Shape_Pipe_180.uasset"
[2016.08.08-15.42.31:182][  0]LogPackFactory: Copied "../../../Samples/MobileStarterContent/Content/MobileStarterContent/Shapes/Shape_Pipe_90.uasset" to "D:/pinguslide/Pinguslide/Content/MobileStarterContent/Shapes/Shape_Pipe_90.uasset"
[2016.08.08-15.42.31:182][  0]LogPackFactory: Copied "../../../Samples/MobileStarterContent/Content/MobileStarterContent/Shapes/Shape_Plane.uasset" to "D:/pinguslide/Pinguslide/Content/MobileStarterContent/Shapes/Shape_Plane.uasset"
[2016.08.08-15.42.31:184][  0]LogPackFactory: Copied "../../../Samples/MobileStarterContent/Content/MobileStarterContent/Shapes/Shape_QuadPyramid.uasset" to "D:/pinguslide/Pinguslide/Content/MobileStarterContent/Shapes/Shape_QuadPyramid.uasset"
[2016.08.08-15.42.31:185][  0]LogPackFactory: Copied "../../../Samples/MobileStarterContent/Content/MobileStarterContent/Shapes/Shape_Sphere.uasset" to "D:/pinguslide/Pinguslide/Content/MobileStarterContent/Shapes/Shape_Sphere.uasset"
[2016.08.08-15.42.31:186][  0]LogPackFactory: Copied "../../../Samples/MobileStarterContent/Content/MobileStarterContent/Shapes/Shape_Torus.uasset" to "D:/pinguslide/Pinguslide/Content/MobileStarterContent/Shapes/Shape_Torus.uasset"
[2016.08.08-15.42.31:187][  0]LogPackFactory: Copied "../../../Samples/MobileStarterContent/Content/MobileStarterContent/Shapes/Shape_Trim.uasset" to "D:/pinguslide/Pinguslide/Content/MobileStarterContent/Shapes/Shape_Trim.uasset"
[2016.08.08-15.42.31:187][  0]LogPackFactory: Copied "../../../Samples/MobileStarterContent/Content/MobileStarterContent/Shapes/Shape_Trim_90_In.uasset" to "D:/pinguslide/Pinguslide/Content/MobileStarterContent/Shapes/Shape_Trim_90_In.uasset"
[2016.08.08-15.42.31:188][  0]LogPackFactory: Copied "../../../Samples/MobileStarterContent/Content/MobileStarterContent/Shapes/Shape_Trim_90_Out.uasset" to "D:/pinguslide/Pinguslide/Content/MobileStarterContent/Shapes/Shape_Trim_90_Out.uasset"
[2016.08.08-15.42.31:189][  0]LogPackFactory: Copied "../../../Samples/MobileStarterContent/Content/MobileStarterContent/Shapes/Shape_TriPyramid.uasset" to "D:/pinguslide/Pinguslide/Content/MobileStarterContent/Shapes/Shape_TriPyramid.uasset"
[2016.08.08-15.42.31:194][  0]LogPackFactory: Copied "../../../Samples/MobileStarterContent/Content/MobileStarterContent/Shapes/Shape_Tube.uasset" to "D:/pinguslide/Pinguslide/Content/MobileStarterContent/Shapes/Shape_Tube.uasset"
[2016.08.08-15.42.31:195][  0]LogPackFactory: Copied "../../../Samples/MobileStarterContent/Content/MobileStarterContent/Shapes/Shape_Wedge_A.uasset" to "D:/pinguslide/Pinguslide/Content/MobileStarterContent/Shapes/Shape_Wedge_A.uasset"
[2016.08.08-15.42.31:196][  0]LogPackFactory: Copied "../../../Samples/MobileStarterContent/Content/MobileStarterContent/Shapes/Shape_Wedge_B.uasset" to "D:/pinguslide/Pinguslide/Content/MobileStarterContent/Shapes/Shape_Wedge_B.uasset"
[2016.08.08-15.42.31:197][  0]LogPackFactory: Copied "../../../Samples/MobileStarterContent/Content/MobileStarterContent/Shapes/Shape_WideCapsule.uasset" to "D:/pinguslide/Pinguslide/Content/MobileStarterContent/Shapes/Shape_WideCapsule.uasset"
[2016.08.08-15.42.31:208][  0]LogPackFactory: Copied "../../../Samples/MobileStarterContent/Content/MobileStarterContent/Textures/T_Brick_Clay_Beveled_D.uasset" to "D:/pinguslide/Pinguslide/Content/MobileStarterContent/Textures/T_Brick_Clay_Beveled_D.uasset"
[2016.08.08-15.42.31:210][  0]LogPackFactory: Copied "../../../Samples/MobileStarterContent/Content/MobileStarterContent/Textures/T_Brick_Clay_Beveled_M.uasset" to "D:/pinguslide/Pinguslide/Content/MobileStarterContent/Textures/T_Brick_Clay_Beveled_M.uasset"
[2016.08.08-15.42.31:211][  0]LogPackFactory: Copied "../../../Samples/MobileStarterContent/Content/MobileStarterContent/Textures/T_Brick_Clay_Beveled_N.uasset" to "D:/pinguslide/Pinguslide/Content/MobileStarterContent/Textures/T_Brick_Clay_Beveled_N.uasset"
[2016.08.08-15.42.31:213][  0]LogPackFactory: Copied "../../../Samples/MobileStarterContent/Content/MobileStarterContent/Textures/T_Brick_Clay_New_D.uasset" to "D:/pinguslide/Pinguslide/Content/MobileStarterContent/Textures/T_Brick_Clay_New_D.uasset"
[2016.08.08-15.42.31:215][  0]LogPackFactory: Copied "../../../Samples/MobileStarterContent/Content/MobileStarterContent/Textures/T_Brick_Clay_New_M.uasset" to "D:/pinguslide/Pinguslide/Content/MobileStarterContent/Textures/T_Brick_Clay_New_M.uasset"
[2016.08.08-15.42.31:217][  0]LogPackFactory: Copied "../../../Samples/MobileStarterContent/Content/MobileStarterContent/Textures/T_Brick_Clay_New_N.uasset" to "D:/pinguslide/Pinguslide/Content/MobileStarterContent/Textures/T_Brick_Clay_New_N.uasset"
[2016.08.08-15.42.31:219][  0]LogPackFactory: Copied "../../../Samples/MobileStarterContent/Content/MobileStarterContent/Textures/T_Brick_Clay_Old_D.uasset" to "D:/pinguslide/Pinguslide/Content/MobileStarterContent/Textures/T_Brick_Clay_Old_D.uasset"
[2016.08.08-15.42.31:222][  0]LogPackFactory: Copied "../../../Samples/MobileStarterContent/Content/MobileStarterContent/Textures/T_Brick_Clay_Old_N.uasset" to "D:/pinguslide/Pinguslide/Content/MobileStarterContent/Textures/T_Brick_Clay_Old_N.uasset"
[2016.08.08-15.42.31:224][  0]LogPackFactory: Copied "../../../Samples/MobileStarterContent/Content/MobileStarterContent/Textures/T_Brick_Cut_Stone_D.uasset" to "D:/pinguslide/Pinguslide/Content/MobileStarterContent/Textures/T_Brick_Cut_Stone_D.uasset"
[2016.08.08-15.42.31:226][  0]LogPackFactory: Copied "../../../Samples/MobileStarterContent/Content/MobileStarterContent/Textures/T_Brick_Cut_Stone_N.uasset" to "D:/pinguslide/Pinguslide/Content/MobileStarterContent/Textures/T_Brick_Cut_Stone_N.uasset"
[2016.08.08-15.42.31:228][  0]LogPackFactory: Copied "../../../Samples/MobileStarterContent/Content/MobileStarterContent/Textures/T_Brick_Hewn_Stone_D.uasset" to "D:/pinguslide/Pinguslide/Content/MobileStarterContent/Textures/T_Brick_Hewn_Stone_D.uasset"
[2016.08.08-15.42.31:230][  0]LogPackFactory: Copied "../../../Samples/MobileStarterContent/Content/MobileStarterContent/Textures/T_Brick_Hewn_Stone_M.uasset" to "D:/pinguslide/Pinguslide/Content/MobileStarterContent/Textures/T_Brick_Hewn_Stone_M.uasset"
[2016.08.08-15.42.31:232][  0]LogPackFactory: Copied "../../../Samples/MobileStarterContent/Content/MobileStarterContent/Textures/T_Brick_Hewn_Stone_N.uasset" to "D:/pinguslide/Pinguslide/Content/MobileStarterContent/Textures/T_Brick_Hewn_Stone_N.uasset"
[2016.08.08-15.42.31:233][  0]LogPackFactory: Copied "../../../Samples/MobileStarterContent/Content/MobileStarterContent/Textures/T_Burst_M.uasset" to "D:/pinguslide/Pinguslide/Content/MobileStarterContent/Textures/T_Burst_M.uasset"
[2016.08.08-15.42.31:234][  0]LogPackFactory: Copied "../../../Samples/MobileStarterContent/Content/MobileStarterContent/Textures/T_Bush_D.uasset" to "D:/pinguslide/Pinguslide/Content/MobileStarterContent/Textures/T_Bush_D.uasset"
[2016.08.08-15.42.31:235][  0]LogPackFactory: Copied "../../../Samples/MobileStarterContent/Content/MobileStarterContent/Textures/T_Bush_N.uasset" to "D:/pinguslide/Pinguslide/Content/MobileStarterContent/Textures/T_Bush_N.uasset"
[2016.08.08-15.42.31:236][  0]LogPackFactory: Copied "../../../Samples/MobileStarterContent/Content/MobileStarterContent/Textures/T_Ceramic_Tile_M.uasset" to "D:/pinguslide/Pinguslide/Content/MobileStarterContent/Textures/T_Ceramic_Tile_M.uasset"
[2016.08.08-15.42.31:236][  0]LogPackFactory: Copied "../../../Samples/MobileStarterContent/Content/MobileStarterContent/Textures/T_Ceramic_Tile_N.uasset" to "D:/pinguslide/Pinguslide/Content/MobileStarterContent/Textures/T_Ceramic_Tile_N.uasset"
[2016.08.08-15.42.31:246][  0]LogPackFactory: Copied "../../../Samples/MobileStarterContent/Content/MobileStarterContent/Textures/T_Chair_M.uasset" to "D:/pinguslide/Pinguslide/Content/MobileStarterContent/Textures/T_Chair_M.uasset"
[2016.08.08-15.42.31:247][  0]LogPackFactory: Copied "../../../Samples/MobileStarterContent/Content/MobileStarterContent/Textures/T_Chair_N.uasset" to "D:/pinguslide/Pinguslide/Content/MobileStarterContent/Textures/T_Chair_N.uasset"
[2016.08.08-15.42.31:250][  0]LogPackFactory: Copied "../../../Samples/MobileStarterContent/Content/MobileStarterContent/Textures/T_Checker_Noise_M.uasset" to "D:/pinguslide/Pinguslide/Content/MobileStarterContent/Textures/T_Checker_Noise_M.uasset"
[2016.08.08-15.42.31:253][  0]LogPackFactory: Copied "../../../Samples/MobileStarterContent/Content/MobileStarterContent/Textures/T_CobbleStone_Pebble_D.uasset" to "D:/pinguslide/Pinguslide/Content/MobileStarterContent/Textures/T_CobbleStone_Pebble_D.uasset"
[2016.08.08-15.42.31:254][  0]LogPackFactory: Copied "../../../Samples/MobileStarterContent/Content/MobileStarterContent/Textures/T_CobbleStone_Pebble_M.uasset" to "D:/pinguslide/Pinguslide/Content/MobileStarterContent/Textures/T_CobbleStone_Pebble_M.uasset"
[2016.08.08-15.42.31:270][  0]LogPackFactory: Copied "../../../Samples/MobileStarterContent/Content/MobileStarterContent/Textures/T_CobbleStone_Pebble_N.uasset" to "D:/pinguslide/Pinguslide/Content/MobileStarterContent/Textures/T_CobbleStone_Pebble_N.uasset"
[2016.08.08-15.42.31:271][  0]LogPackFactory: Copied "../../../Samples/MobileStarterContent/Content/MobileStarterContent/Textures/T_CobbleStone_Rough_D.uasset" to "D:/pinguslide/Pinguslide/Content/MobileStarterContent/Textures/T_CobbleStone_Rough_D.uasset"
[2016.08.08-15.42.31:273][  0]LogPackFactory: Copied "../../../Samples/MobileStarterContent/Content/MobileStarterContent/Textures/T_CobbleStone_Rough_N.uasset" to "D:/pinguslide/Pinguslide/Content/MobileStarterContent/Textures/T_CobbleStone_Rough_N.uasset"
[2016.08.08-15.42.31:275][  0]LogPackFactory: Copied "../../../Samples/MobileStarterContent/Content/MobileStarterContent/Textures/T_CobbleStone_Smooth_D.uasset" to "D:/pinguslide/Pinguslide/Content/MobileStarterContent/Textures/T_CobbleStone_Smooth_D.uasset"
[2016.08.08-15.42.31:277][  0]LogPackFactory: Copied "../../../Samples/MobileStarterContent/Content/MobileStarterContent/Textures/T_CobbleStone_Smooth_M.uasset" to "D:/pinguslide/Pinguslide/Content/MobileStarterContent/Textures/T_CobbleStone_Smooth_M.uasset"
[2016.08.08-15.42.31:279][  0]LogPackFactory: Copied "../../../Samples/MobileStarterContent/Content/MobileStarterContent/Textures/T_CobbleStone_Smooth_N.uasset" to "D:/pinguslide/Pinguslide/Content/MobileStarterContent/Textures/T_CobbleStone_Smooth_N.uasset"
[2016.08.08-15.42.31:281][  0]LogPackFactory: Copied "../../../Samples/MobileStarterContent/Content/MobileStarterContent/Textures/T_Concrete_Grime_D.uasset" to "D:/pinguslide/Pinguslide/Content/MobileStarterContent/Textures/T_Concrete_Grime_D.uasset"
[2016.08.08-15.42.31:284][  0]LogPackFactory: Copied "../../../Samples/MobileStarterContent/Content/MobileStarterContent/Textures/T_Concrete_Panels_D.uasset" to "D:/pinguslide/Pinguslide/Content/MobileStarterContent/Textures/T_Concrete_Panels_D.uasset"
[2016.08.08-15.42.31:285][  0]LogPackFactory: Copied "../../../Samples/MobileStarterContent/Content/MobileStarterContent/Textures/T_Concrete_Panels_N.uasset" to "D:/pinguslide/Pinguslide/Content/MobileStarterContent/Textures/T_Concrete_Panels_N.uasset"
[2016.08.08-15.42.31:287][  0]LogPackFactory: Copied "../../../Samples/MobileStarterContent/Content/MobileStarterContent/Textures/T_Concrete_Poured_D.uasset" to "D:/pinguslide/Pinguslide/Content/MobileStarterContent/Textures/T_Concrete_Poured_D.uasset"
[2016.08.08-15.42.31:289][  0]LogPackFactory: Copied "../../../Samples/MobileStarterContent/Content/MobileStarterContent/Textures/T_Concrete_Poured_N.uasset" to "D:/pinguslide/Pinguslide/Content/MobileStarterContent/Textures/T_Concrete_Poured_N.uasset"
[2016.08.08-15.42.31:295][  0]LogPackFactory: Copied "../../../Samples/MobileStarterContent/Content/MobileStarterContent/Textures/T_Concrete_Tiles_D.uasset" to "D:/pinguslide/Pinguslide/Content/MobileStarterContent/Textures/T_Concrete_Tiles_D.uasset"
[2016.08.08-15.42.31:297][  0]LogPackFactory: Copied "../../../Samples/MobileStarterContent/Content/MobileStarterContent/Textures/T_Concrete_Tiles_M.uasset" to "D:/pinguslide/Pinguslide/Content/MobileStarterContent/Textures/T_Concrete_Tiles_M.uasset"
[2016.08.08-15.42.31:298][  0]LogPackFactory: Copied "../../../Samples/MobileStarterContent/Content/MobileStarterContent/Textures/T_Concrete_Tiles_N.uasset" to "D:/pinguslide/Pinguslide/Content/MobileStarterContent/Textures/T_Concrete_Tiles_N.uasset"
[2016.08.08-15.42.31:299][  0]LogPackFactory: Copied "../../../Samples/MobileStarterContent/Content/MobileStarterContent/Textures/T_Concrete_Tiles_Variation_M.uasset" to "D:/pinguslide/Pinguslide/Content/MobileStarterContent/Textures/T_Concrete_Tiles_Variation_M.uasset"
[2016.08.08-15.42.31:307][  0]LogPackFactory: Copied "../../../Samples/MobileStarterContent/Content/MobileStarterContent/Textures/T_Detail_Rocky_N.uasset" to "D:/pinguslide/Pinguslide/Content/MobileStarterContent/Textures/T_Detail_Rocky_N.uasset"
[2016.08.08-15.42.31:308][  0]LogPackFactory: Copied "../../../Samples/MobileStarterContent/Content/MobileStarterContent/Textures/T_Door_M.uasset" to "D:/pinguslide/Pinguslide/Content/MobileStarterContent/Textures/T_Door_M.uasset"
[2016.08.08-15.42.31:309][  0]LogPackFactory: Copied "../../../Samples/MobileStarterContent/Content/MobileStarterContent/Textures/T_Door_N.uasset" to "D:/pinguslide/Pinguslide/Content/MobileStarterContent/Textures/T_Door_N.uasset"
[2016.08.08-15.42.31:310][  0]LogPackFactory: Copied "../../../Samples/MobileStarterContent/Content/MobileStarterContent/Textures/T_Dust_Particle_D.uasset" to "D:/pinguslide/Pinguslide/Content/MobileStarterContent/Textures/T_Dust_Particle_D.uasset"
[2016.08.08-15.42.31:311][  0]LogPackFactory: Copied "../../../Samples/MobileStarterContent/Content/MobileStarterContent/Textures/T_Explosion_SubUV.uasset" to "D:/pinguslide/Pinguslide/Content/MobileStarterContent/Textures/T_Explosion_SubUV.uasset"
[2016.08.08-15.42.31:312][  0]LogPackFactory: Copied "../../../Samples/MobileStarterContent/Content/MobileStarterContent/Textures/T_Fire_SubUV.uasset" to "D:/pinguslide/Pinguslide/Content/MobileStarterContent/Textures/T_Fire_SubUV.uasset"
[2016.08.08-15.42.31:313][  0]LogPackFactory: Copied "../../../Samples/MobileStarterContent/Content/MobileStarterContent/Textures/T_Fire_Tiled_D.uasset" to "D:/pinguslide/Pinguslide/Content/MobileStarterContent/Textures/T_Fire_Tiled_D.uasset"
[2016.08.08-15.42.31:314][  0]LogPackFactory: Copied "../../../Samples/MobileStarterContent/Content/MobileStarterContent/Textures/T_Frame_M.uasset" to "D:/pinguslide/Pinguslide/Content/MobileStarterContent/Textures/T_Frame_M.uasset"
[2016.08.08-15.42.31:315][  0]LogPackFactory: Copied "../../../Samples/MobileStarterContent/Content/MobileStarterContent/Textures/T_Frame_N.uasset" to "D:/pinguslide/Pinguslide/Content/MobileStarterContent/Textures/T_Frame_N.uasset"
[2016.08.08-15.42.31:316][  0]LogPackFactory: Copied "../../../Samples/MobileStarterContent/Content/MobileStarterContent/Textures/T_Gradinet_01.uasset" to "D:/pinguslide/Pinguslide/Content/MobileStarterContent/Textures/T_Gradinet_01.uasset"
[2016.08.08-15.42.31:318][  0]LogPackFactory: Copied "../../../Samples/MobileStarterContent/Content/MobileStarterContent/Textures/T_Ground_Grass_D.uasset" to "D:/pinguslide/Pinguslide/Content/MobileStarterContent/Textures/T_Ground_Grass_D.uasset"
[2016.08.08-15.42.31:321][  0]LogPackFactory: Copied "../../../Samples/MobileStarterContent/Content/MobileStarterContent/Textures/T_Ground_Grass_N.uasset" to "D:/pinguslide/Pinguslide/Content/MobileStarterContent/Textures/T_Ground_Grass_N.uasset"
[2016.08.08-15.42.31:323][  0]LogPackFactory: Copied "../../../Samples/MobileStarterContent/Content/MobileStarterContent/Textures/T_Ground_Gravel_D.uasset" to "D:/pinguslide/Pinguslide/Content/MobileStarterContent/Textures/T_Ground_Gravel_D.uasset"
[2016.08.08-15.42.31:325][  0]LogPackFactory: Copied "../../../Samples/MobileStarterContent/Content/MobileStarterContent/Textures/T_Ground_Gravel_N.uasset" to "D:/pinguslide/Pinguslide/Content/MobileStarterContent/Textures/T_Ground_Gravel_N.uasset"
[2016.08.08-15.42.31:328][  0]LogPackFactory: Copied "../../../Samples/MobileStarterContent/Content/MobileStarterContent/Textures/T_ground_Moss_D.uasset" to "D:/pinguslide/Pinguslide/Content/MobileStarterContent/Textures/T_ground_Moss_D.uasset"
[2016.08.08-15.42.31:330][  0]LogPackFactory: Copied "../../../Samples/MobileStarterContent/Content/MobileStarterContent/Textures/T_Ground_Moss_N.uasset" to "D:/pinguslide/Pinguslide/Content/MobileStarterContent/Textures/T_Ground_Moss_N.uasset"
[2016.08.08-15.42.31:331][  0]LogPackFactory: Copied "../../../Samples/MobileStarterContent/Content/MobileStarterContent/Textures/T_Lamp_M.uasset" to "D:/pinguslide/Pinguslide/Content/MobileStarterContent/Textures/T_Lamp_M.uasset"
[2016.08.08-15.42.31:332][  0]LogPackFactory: Copied "../../../Samples/MobileStarterContent/Content/MobileStarterContent/Textures/T_Lamp_N.uasset" to "D:/pinguslide/Pinguslide/Content/MobileStarterContent/Textures/T_Lamp_N.uasset"
[2016.08.08-15.42.31:334][  0]LogPackFactory: Copied "../../../Samples/MobileStarterContent/Content/MobileStarterContent/Textures/T_MacroVariation.uasset" to "D:/pinguslide/Pinguslide/Content/MobileStarterContent/Textures/T_MacroVariation.uasset"
[2016.08.08-15.42.31:337][  0]LogPackFactory: Copied "../../../Samples/MobileStarterContent/Content/MobileStarterContent/Textures/T_Metal_Aluminum_D.uasset" to "D:/pinguslide/Pinguslide/Content/MobileStarterContent/Textures/T_Metal_Aluminum_D.uasset"
[2016.08.08-15.42.31:338][  0]LogPackFactory: Copied "../../../Samples/MobileStarterContent/Content/MobileStarterContent/Textures/T_Metal_Copper_D.uasset" to "D:/pinguslide/Pinguslide/Content/MobileStarterContent/Textures/T_Metal_Copper_D.uasset"
[2016.08.08-15.42.31:341][  0]LogPackFactory: Copied "../../../Samples/MobileStarterContent/Content/MobileStarterContent/Textures/T_Metal_Gold_D.uasset" to "D:/pinguslide/Pinguslide/Content/MobileStarterContent/Textures/T_Metal_Gold_D.uasset"
[2016.08.08-15.42.31:342][  0]LogPackFactory: Copied "../../../Samples/MobileStarterContent/Content/MobileStarterContent/Textures/T_Metal_Gold_N.uasset" to "D:/pinguslide/Pinguslide/Content/MobileStarterContent/Textures/T_Metal_Gold_N.uasset"
[2016.08.08-15.42.31:354][  0]LogPackFactory: Copied "../../../Samples/MobileStarterContent/Content/MobileStarterContent/Textures/T_Metal_Rust_D.uasset" to "D:/pinguslide/Pinguslide/Content/MobileStarterContent/Textures/T_Metal_Rust_D.uasset"
[2016.08.08-15.42.31:358][  0]LogPackFactory: Copied "../../../Samples/MobileStarterContent/Content/MobileStarterContent/Textures/T_Metal_Rust_N.uasset" to "D:/pinguslide/Pinguslide/Content/MobileStarterContent/Textures/T_Metal_Rust_N.uasset"
[2016.08.08-15.42.31:359][  0]LogPackFactory: Copied "../../../Samples/MobileStarterContent/Content/MobileStarterContent/Textures/T_Metal_Steel_D.uasset" to "D:/pinguslide/Pinguslide/Content/MobileStarterContent/Textures/T_Metal_Steel_D.uasset"
[2016.08.08-15.42.31:361][  0]LogPackFactory: Copied "../../../Samples/MobileStarterContent/Content/MobileStarterContent/Textures/T_Metal_Steel_N.uasset" to "D:/pinguslide/Pinguslide/Content/MobileStarterContent/Textures/T_Metal_Steel_N.uasset"
[2016.08.08-15.42.31:363][  0]LogPackFactory: Copied "../../../Samples/MobileStarterContent/Content/MobileStarterContent/Textures/T_Perlin_Noise_M.uasset" to "D:/pinguslide/Pinguslide/Content/MobileStarterContent/Textures/T_Perlin_Noise_M.uasset"
[2016.08.08-15.42.31:365][  0]LogPackFactory: Copied "../../../Samples/MobileStarterContent/Content/MobileStarterContent/Textures/T_RockMesh_M.uasset" to "D:/pinguslide/Pinguslide/Content/MobileStarterContent/Textures/T_RockMesh_M.uasset"
[2016.08.08-15.42.31:367][  0]LogPackFactory: Copied "../../../Samples/MobileStarterContent/Content/MobileStarterContent/Textures/T_RockMesh_N.uasset" to "D:/pinguslide/Pinguslide/Content/MobileStarterContent/Textures/T_RockMesh_N.uasset"
[2016.08.08-15.42.31:369][  0]LogPackFactory: Copied "../../../Samples/MobileStarterContent/Content/MobileStarterContent/Textures/T_Rock_Basalt_D.uasset" to "D:/pinguslide/Pinguslide/Content/MobileStarterContent/Textures/T_Rock_Basalt_D.uasset"
[2016.08.08-15.42.31:372][  0]LogPackFactory: Copied "../../../Samples/MobileStarterContent/Content/MobileStarterContent/Textures/T_Rock_Basalt_N.uasset" to "D:/pinguslide/Pinguslide/Content/MobileStarterContent/Textures/T_Rock_Basalt_N.uasset"
[2016.08.08-15.42.31:373][  0]LogPackFactory: Copied "../../../Samples/MobileStarterContent/Content/MobileStarterContent/Textures/T_Rock_Marble_Polished_D.uasset" to "D:/pinguslide/Pinguslide/Content/MobileStarterContent/Textures/T_Rock_Marble_Polished_D.uasset"
[2016.08.08-15.42.31:375][  0]LogPackFactory: Copied "../../../Samples/MobileStarterContent/Content/MobileStarterContent/Textures/T_Rock_Sandstone_D.uasset" to "D:/pinguslide/Pinguslide/Content/MobileStarterContent/Textures/T_Rock_Sandstone_D.uasset"
[2016.08.08-15.42.31:377][  0]LogPackFactory: Copied "../../../Samples/MobileStarterContent/Content/MobileStarterContent/Textures/T_Rock_Sandstone_N.uasset" to "D:/pinguslide/Pinguslide/Content/MobileStarterContent/Textures/T_Rock_Sandstone_N.uasset"
[2016.08.08-15.42.31:380][  0]LogPackFactory: Copied "../../../Samples/MobileStarterContent/Content/MobileStarterContent/Textures/T_Rock_Slate_D.uasset" to "D:/pinguslide/Pinguslide/Content/MobileStarterContent/Textures/T_Rock_Slate_D.uasset"
[2016.08.08-15.42.31:399][  0]LogPackFactory: Copied "../../../Samples/MobileStarterContent/Content/MobileStarterContent/Textures/T_Rock_Slate_N.uasset" to "D:/pinguslide/Pinguslide/Content/MobileStarterContent/Textures/T_Rock_Slate_N.uasset"
[2016.08.08-15.42.31:401][  0]LogPackFactory: Copied "../../../Samples/MobileStarterContent/Content/MobileStarterContent/Textures/T_Rock_Smooth_Granite_D.uasset" to "D:/pinguslide/Pinguslide/Content/MobileStarterContent/Textures/T_Rock_Smooth_Granite_D.uasset"
[2016.08.08-15.42.31:402][  0]LogPackFactory: Copied "../../../Samples/MobileStarterContent/Content/MobileStarterContent/Textures/T_Shelf_M.uasset" to "D:/pinguslide/Pinguslide/Content/MobileStarterContent/Textures/T_Shelf_M.uasset"
[2016.08.08-15.42.31:403][  0]LogPackFactory: Copied "../../../Samples/MobileStarterContent/Content/MobileStarterContent/Textures/T_Shelf_N.uasset" to "D:/pinguslide/Pinguslide/Content/MobileStarterContent/Textures/T_Shelf_N.uasset"
[2016.08.08-15.42.31:404][  0]LogPackFactory: Copied "../../../Samples/MobileStarterContent/Content/MobileStarterContent/Textures/T_Single_Tile_N.uasset" to "D:/pinguslide/Pinguslide/Content/MobileStarterContent/Textures/T_Single_Tile_N.uasset"
[2016.08.08-15.42.31:405][  0]LogPackFactory: Copied "../../../Samples/MobileStarterContent/Content/MobileStarterContent/Textures/T_Smoke_SubUV.uasset" to "D:/pinguslide/Pinguslide/Content/MobileStarterContent/Textures/T_Smoke_SubUV.uasset"
[2016.08.08-15.42.31:406][  0]LogPackFactory: Copied "../../../Samples/MobileStarterContent/Content/MobileStarterContent/Textures/T_Smoke_Tiled_D.uasset" to "D:/pinguslide/Pinguslide/Content/MobileStarterContent/Textures/T_Smoke_Tiled_D.uasset"
[2016.08.08-15.42.31:408][  0]LogPackFactory: Copied "../../../Samples/MobileStarterContent/Content/MobileStarterContent/Textures/T_Spark_Core.uasset" to "D:/pinguslide/Pinguslide/Content/MobileStarterContent/Textures/T_Spark_Core.uasset"
[2016.08.08-15.42.31:408][  0]LogPackFactory: Copied "../../../Samples/MobileStarterContent/Content/MobileStarterContent/Textures/T_Statue_M.uasset" to "D:/pinguslide/Pinguslide/Content/MobileStarterContent/Textures/T_Statue_M.uasset"
[2016.08.08-15.42.31:417][  0]LogPackFactory: Copied "../../../Samples/MobileStarterContent/Content/MobileStarterContent/Textures/T_Statue_N.uasset" to "D:/pinguslide/Pinguslide/Content/MobileStarterContent/Textures/T_Statue_N.uasset"
[2016.08.08-15.42.31:418][  0]LogPackFactory: Copied "../../../Samples/MobileStarterContent/Content/MobileStarterContent/Textures/T_TableRound_M.uasset" to "D:/pinguslide/Pinguslide/Content/MobileStarterContent/Textures/T_TableRound_M.uasset"
[2016.08.08-15.42.31:419][  0]LogPackFactory: Copied "../../../Samples/MobileStarterContent/Content/MobileStarterContent/Textures/T_TableRound_N.uasset" to "D:/pinguslide/Pinguslide/Content/MobileStarterContent/Textures/T_TableRound_N.uasset"
[2016.08.08-15.42.31:419][  0]LogPackFactory: Copied "../../../Samples/MobileStarterContent/Content/MobileStarterContent/Textures/T_Tech_Dot_M.uasset" to "D:/pinguslide/Pinguslide/Content/MobileStarterContent/Textures/T_Tech_Dot_M.uasset"
[2016.08.08-15.42.31:420][  0]LogPackFactory: Copied "../../../Samples/MobileStarterContent/Content/MobileStarterContent/Textures/T_Tech_Dot_N.uasset" to "D:/pinguslide/Pinguslide/Content/MobileStarterContent/Textures/T_Tech_Dot_N.uasset"
[2016.08.08-15.42.31:421][  0]LogPackFactory: Copied "../../../Samples/MobileStarterContent/Content/MobileStarterContent/Textures/T_Tech_Hex_Tile_M.uasset" to "D:/pinguslide/Pinguslide/Content/MobileStarterContent/Textures/T_Tech_Hex_Tile_M.uasset"
[2016.08.08-15.42.31:422][  0]LogPackFactory: Copied "../../../Samples/MobileStarterContent/Content/MobileStarterContent/Textures/T_Tech_Hex_Tile_N.uasset" to "D:/pinguslide/Pinguslide/Content/MobileStarterContent/Textures/T_Tech_Hex_Tile_N.uasset"
[2016.08.08-15.42.31:428][  0]LogPackFactory: Copied "../../../Samples/MobileStarterContent/Content/MobileStarterContent/Textures/T_Tech_Panel_M.uasset" to "D:/pinguslide/Pinguslide/Content/MobileStarterContent/Textures/T_Tech_Panel_M.uasset"
[2016.08.08-15.42.31:429][  0]LogPackFactory: Copied "../../../Samples/MobileStarterContent/Content/MobileStarterContent/Textures/T_Tech_Panel_N.uasset" to "D:/pinguslide/Pinguslide/Content/MobileStarterContent/Textures/T_Tech_Panel_N.uasset"
[2016.08.08-15.42.31:430][  0]LogPackFactory: Copied "../../../Samples/MobileStarterContent/Content/MobileStarterContent/Textures/T_Water_M.uasset" to "D:/pinguslide/Pinguslide/Content/MobileStarterContent/Textures/T_Water_M.uasset"
[2016.08.08-15.42.31:431][  0]LogPackFactory: Copied "../../../Samples/MobileStarterContent/Content/MobileStarterContent/Textures/T_Water_N.uasset" to "D:/pinguslide/Pinguslide/Content/MobileStarterContent/Textures/T_Water_N.uasset"
[2016.08.08-15.42.31:433][  0]LogPackFactory: Copied "../../../Samples/MobileStarterContent/Content/MobileStarterContent/Textures/T_Wood_Floor_Walnut_D.uasset" to "D:/pinguslide/Pinguslide/Content/MobileStarterContent/Textures/T_Wood_Floor_Walnut_D.uasset"
[2016.08.08-15.42.31:435][  0]LogPackFactory: Copied "../../../Samples/MobileStarterContent/Content/MobileStarterContent/Textures/T_Wood_Floor_Walnut_M.uasset" to "D:/pinguslide/Pinguslide/Content/MobileStarterContent/Textures/T_Wood_Floor_Walnut_M.uasset"
[2016.08.08-15.42.31:436][  0]LogPackFactory: Copied "../../../Samples/MobileStarterContent/Content/MobileStarterContent/Textures/T_Wood_Floor_Walnut_N.uasset" to "D:/pinguslide/Pinguslide/Content/MobileStarterContent/Textures/T_Wood_Floor_Walnut_N.uasset"
[2016.08.08-15.42.31:438][  0]LogPackFactory: Copied "../../../Samples/MobileStarterContent/Content/MobileStarterContent/Textures/T_Wood_Oak_D.uasset" to "D:/pinguslide/Pinguslide/Content/MobileStarterContent/Textures/T_Wood_Oak_D.uasset"
[2016.08.08-15.42.31:439][  0]LogPackFactory: Copied "../../../Samples/MobileStarterContent/Content/MobileStarterContent/Textures/T_Wood_Oak_N.uasset" to "D:/pinguslide/Pinguslide/Content/MobileStarterContent/Textures/T_Wood_Oak_N.uasset"
[2016.08.08-15.42.31:442][  0]LogPackFactory: Copied "../../../Samples/MobileStarterContent/Content/MobileStarterContent/Textures/T_Wood_Pine_D.uasset" to "D:/pinguslide/Pinguslide/Content/MobileStarterContent/Textures/T_Wood_Pine_D.uasset"
[2016.08.08-15.42.31:444][  0]LogPackFactory: Copied "../../../Samples/MobileStarterContent/Content/MobileStarterContent/Textures/T_Wood_Pine_N.uasset" to "D:/pinguslide/Pinguslide/Content/MobileStarterContent/Textures/T_Wood_Pine_N.uasset"
[2016.08.08-15.42.31:449][  0]LogPackFactory: Copied "../../../Samples/MobileStarterContent/Content/MobileStarterContent/Textures/T_Wood_Walnut_D.uasset" to "D:/pinguslide/Pinguslide/Content/MobileStarterContent/Textures/T_Wood_Walnut_D.uasset"
[2016.08.08-15.42.31:453][  0]LogPackFactory: Copied "../../../Samples/MobileStarterContent/Content/MobileStarterContent/Textures/T_Wood_Walnut_N.uasset" to "D:/pinguslide/Pinguslide/Content/MobileStarterContent/Textures/T_Wood_Walnut_N.uasset"
[2016.08.08-15.42.31:528][  0]LogRenderer: Reallocating scene render targets to support 256x256 (Frame:2).
[2016.08.08-15.42.31:553][  0]Cmd: OBJ SAVEPACKAGE PACKAGE="/Game/MobileStarterContent/Architecture/Floor_400x400" FILE="D:/pinguslide/Pinguslide/Content/MobileStarterContent/Architecture/Floor_400x400.uasset" SILENT=true
[2016.08.08-15.42.31:560][  0]LogSavePackage: Save=5.71ms
[2016.08.08-15.42.31:560][  0]LogSavePackage: Moving 'D:/pinguslide/Pinguslide/Saved/Floor_400x40060F995D84512D4CA06A555B3473F9660.tmp' to 'D:/pinguslide/Pinguslide/Content/MobileStarterContent/Architecture/Floor_400x400.uasset'
[2016.08.08-15.42.31:561][  0]LogSavePackage:Display: Finished SavePackage D:/pinguslide/Pinguslide/Content/MobileStarterContent/Architecture/Floor_400x400.uasset
[2016.08.08-15.42.31:561][  0]LogFeaturePack:Warning: Inserted 1 feature packs
[2016.08.08-15.42.31:562][  0]Cmd: MAP LOAD FILE="D:/pinguslide/Pinguslide/Content/2DSideScrollerBP/Maps/2DSideScrollerExampleMap.umap" TEMPLATE=0 SHOWPROGRESS=1 FEATURELEVEL=3
[2016.08.08-15.42.31:562][  0]LightingResults: New page: Lighting Build
[2016.08.08-15.42.31:564][  0]MapCheck: New page: Map Check
[2016.08.08-15.42.31:564][  0]LightingResults: New page: Lighting Build
[2016.08.08-15.42.31:686][  0]LogAIModule: Creating AISystem for world 2DSideScrollerExampleMap
[2016.08.08-15.42.31:689][  0]LogEditorServer: Finished looking for orphan Actors (0.000 secs)
[2016.08.08-15.42.31:689][  0]Cmd: MAP CHECKDEP NOCLEARLOG
[2016.08.08-15.42.32:039][  0]MapCheck: Info Map check complete: 0 Error(s), 0 Warning(s), took 350.161ms to complete.
[2016.08.08-15.42.32:039][  0]LogFileHelpers: Loading map '2DSideScrollerExampleMap' took 0.478
[2016.08.08-15.42.32:167][  0]LogCollectionManager: Loaded 0 collections in 0.000980 seconds
[2016.08.08-15.42.32:256][  0]LogFileCache: Scanning file cache for directory 'D:/pinguslide/Pinguslide/Saved/Collections/' took 0.01s
[2016.08.08-15.42.32:256][  0]LogFileCache: Scanning file cache for directory 'D:/pinguslide/Pinguslide/Content/Developers/Medivhus/Collections/' took 0.01s
[2016.08.08-15.42.32:256][  0]LogFileCache: Scanning file cache for directory 'D:/pinguslide/Pinguslide/Content/Collections/' took 0.01s
[2016.08.08-15.42.32:256][  0]LogCollectionManager: Rebuilt the GUID cache for 0 collections in 0.000002 seconds
[2016.08.08-15.42.32:262][  0]LogContentBrowser: Native class hierarchy populated in 0.0065 seconds. Added 2047 classes and 369 folders.
[2016.08.08-15.42.32:266][  0]LogStats: UGameplayTagsManager::ConstructGameplayTagTree: Construct from data asset -  0.000 s
[2016.08.08-15.42.32:266][  0]LogStats: UGameplayTagsManager::ConstructGameplayTagTree: GameplayTagTreeChangedEvent.Broadcast -  0.000 s
[2016.08.08-15.42.32:266][  0]LogContentBrowser: Native class hierarchy updated for 'GameplayTags' in 0.0003 seconds. Added 12 classes and 0 folders.
[2016.08.08-15.42.32:270][  0]LogContentBrowser: Native class hierarchy updated for 'WidgetCarousel' in 0.0002 seconds. Added 0 classes a